<?xml version="1.0" encoding="UTF-8"?>
<testng-results ignored="0" total="2" passed="2" failed="0" skipped="0">
  <reporter-output>
  </reporter-output>
  <suite started-at="2024-04-16T13:43:30 IST" name="Suite" finished-at="2024-04-16T13:43:30 IST" duration-ms="60">
    <groups>
      <group name="smoke">
        <method signature="TestMethod.test1()[pri:0, instance:org.cap.testng.TestMethod@3646a422]" name="test1" class="org.cap.testng.TestMethod"/>
        <method signature="TestMethod.test10()[pri:1, instance:org.cap.testng.TestMethod@3646a422]" name="test10" class="org.cap.testng.TestMethod"/>
      </group> <!-- smoke -->
    </groups>
    <test started-at="2024-04-16T13:43:30 IST" name="Test" finished-at="2024-04-16T13:43:30 IST" duration-ms="60">
      <class name="org.cap.testng.TestMethod">
        <test-method signature="test1()[pri:0, instance:org.cap.testng.TestMethod@3646a422]" started-at="2024-04-16T13:43:30 IST" name="test1" finished-at="2024-04-16T13:43:30 IST" duration-ms="9" status="PASS">
          <reporter-output>
          </reporter-output>
        </test-method> <!-- test1 -->
        <test-method signature="test10()[pri:1, instance:org.cap.testng.TestMethod@3646a422]" started-at="2024-04-16T13:43:30 IST" name="test10" finished-at="2024-04-16T13:43:30 IST" duration-ms="1" status="PASS">
          <reporter-output>
          </reporter-output>
        </test-method> <!-- test10 -->
      </class> <!-- org.cap.testng.TestMethod -->
    </test> <!-- Test -->
  </suite> <!-- Suite -->
</testng-results>
