<?xml version="1.0" encoding="UTF-8"?>
<testng-results ignored="0" total="2" passed="2" failed="0" skipped="0">
  <reporter-output>
  </reporter-output>
  <suite started-at="2024-04-15T13:54:11 IST" name="Default suite" finished-at="2024-04-15T13:54:13 IST" duration-ms="1989">
    <groups>
    </groups>
    <test started-at="2024-04-15T13:54:11 IST" name="Default test" finished-at="2024-04-15T13:54:13 IST" duration-ms="1989">
      <class name="Testrun.bankmanager">
        <test-method is-config="true" signature="browser()[pri:0, instance:Testrun.bankmanager@644baf4a]" started-at="2024-04-15T13:54:07 IST" name="browser" finished-at="2024-04-15T13:54:11 IST" duration-ms="4200" status="PASS">
          <reporter-output>
          </reporter-output>
        </test-method> <!-- browser -->
        <test-method signature="lauchbrowser()[pri:0, instance:Testrun.bankmanager@644baf4a]" started-at="2024-04-15T13:54:11 IST" name="lauchbrowser" finished-at="2024-04-15T13:54:12 IST" duration-ms="970" status="PASS">
          <reporter-output>
          </reporter-output>
        </test-method> <!-- lauchbrowser -->
        <test-method signature="Newcustomer()[pri:1, instance:Testrun.bankmanager@644baf4a]" started-at="2024-04-15T13:54:12 IST" name="Newcustomer" finished-at="2024-04-15T13:54:13 IST" duration-ms="982" status="PASS">
          <reporter-output>
          </reporter-output>
        </test-method> <!-- Newcustomer -->
      </class> <!-- Testrun.bankmanager -->
    </test> <!-- Default test -->
  </suite> <!-- Default suite -->
</testng-results>
