<?xml version="1.0" encoding="UTF-8"?>
<testng-results ignored="0" total="1" passed="1" failed="0" skipped="0">
  <reporter-output>
  </reporter-output>
  <suite started-at="2024-02-09T14:37:54 IST" name="Default suite" finished-at="2024-02-09T14:37:57 IST" duration-ms="2777">
    <groups>
    </groups>
    <test started-at="2024-02-09T14:37:54 IST" name="Default test" finished-at="2024-02-09T14:37:57 IST" duration-ms="2777">
      <class name="test.Run_Test">
        <test-method is-config="true" signature="url()[pri:0, instance:test.Run_Test@2a7f1f10]" started-at="2024-02-09T14:37:48 IST" name="url" finished-at="2024-02-09T14:37:54 IST" duration-ms="6253" status="PASS">
          <reporter-output>
          </reporter-output>
        </test-method> <!-- url -->
        <test-method is-config="true" signature="loginpage()[pri:0, instance:test.Run_Test@2a7f1f10]" started-at="2024-02-09T14:37:55 IST" name="loginpage" finished-at="2024-02-09T14:37:56 IST" duration-ms="1830" status="PASS">
          <reporter-output>
          </reporter-output>
        </test-method> <!-- loginpage -->
        <test-method signature="AddCart()[pri:0, instance:test.Run_Test@2a7f1f10]" started-at="2024-02-09T14:37:56 IST" name="AddCart" finished-at="2024-02-09T14:37:57 IST" duration-ms="391" status="PASS">
          <reporter-output>
          </reporter-output>
        </test-method> <!-- AddCart -->
        <test-method is-config="true" signature="logout()[pri:0, instance:test.Run_Test@2a7f1f10]" started-at="2024-02-09T14:37:57 IST" name="logout" finished-at="2024-02-09T14:37:57 IST" duration-ms="488" status="PASS">
          <reporter-output>
          </reporter-output>
        </test-method> <!-- logout -->
        <test-method is-config="true" signature="close()[pri:0, instance:test.Run_Test@2a7f1f10]" started-at="2024-02-09T14:37:57 IST" name="close" finished-at="2024-02-09T14:38:11 IST" duration-ms="13467" status="PASS">
          <reporter-output>
          </reporter-output>
        </test-method> <!-- close -->
      </class> <!-- test.Run_Test -->
    </test> <!-- Default test -->
  </suite> <!-- Default suite -->
</testng-results>
